native_features_and_storage/build/app/intermediates/manifest_merge_blame_file/debug/manifest-merger-blame-debug-report.txt
1<?xml version="1.0" encoding="utf-8"?>
2<manifest xmlns:android="http://schemas.android.com/apk/res/android"
3    package="com.example.native_features_and_storage"
4    android:versionCode="1"
5    android:versionName="1.0.0" >
6
7    <uses-sdk
8        android:minSdkVersion="21"
9        android:targetSdkVersion="34" />
10    <!--
11         The INTERNET permission is required for development. Specifically,
12         the Flutter tool needs it to communicate with the running application
13         to allow setting breakpoints, to provide hot reload, etc.
14    -->
15    <uses-permission android:name="android.permission.INTERNET" />
15-->src/debug/AndroidManifest.xml:6:5-66
15-->src/debug/AndroidManifest.xml:6:22-64
16    <uses-permission android:name="android.permission.FOREGROUND_SERVICE" />
16-->src/main/AndroidManifest.xml:2:5-77
16-->src/main/AndroidManifest.xml:2:22-74
17    <uses-permission android:name="android.permission.ACCESS_BACKGROUND_LOCATION" />
17-->src/main/AndroidManifest.xml:3:5-84
17-->src/main/AndroidManifest.xml:3:22-82
18    <!--
19 Required to query activities that can process text, see:
20         https://developer.android.com/training/package-visibility and
21         https://developer.android.com/reference/android/content/Intent#ACTION_PROCESS_TEXT.
22
23         In particular, this is used by the Flutter engine in io.flutter.plugin.text.ProcessTextPlugin.
24    -->
25    <queries>
25-->src/main/AndroidManifest.xml:46:5-51:15
26        <intent>
26-->src/main/AndroidManifest.xml:47:9-50:18
27            <action android:name="android.intent.action.PROCESS_TEXT" />
27-->src/main/AndroidManifest.xml:48:13-72
27-->src/main/AndroidManifest.xml:48:21-70
28
29            <data android:mimeType="text/plain" />
29-->src/main/AndroidManifest.xml:49:13-50
29-->src/main/AndroidManifest.xml:49:19-48
30        </intent>
31        <!-- Needs to be explicitly declared on Android R+ -->
32        <package android:name="com.google.android.apps.maps" />
32-->[com.google.android.gms:play-services-maps:18.2.0] AndroidManifest.xml:33:9-64
32-->[com.google.android.gms:play-services-maps:18.2.0] AndroidManifest.xml:33:18-61
33    </queries>
34
35    <uses-permission android:name="android.permission.ACCESS_COARSE_LOCATION" />
35-->[:location] AndroidManifest.xml:9:5-81
35-->[:location] AndroidManifest.xml:9:22-78
36    <uses-permission android:name="android.permission.ACCESS_FINE_LOCATION" /> <!-- Include required permissions for Google Maps API to run. -->
36-->[:location] AndroidManifest.xml:10:5-79
36-->[:location] AndroidManifest.xml:10:22-76
37    <uses-permission android:name="android.permission.ACCESS_NETWORK_STATE" />
37-->[com.google.android.gms:play-services-maps:18.2.0] AndroidManifest.xml:23:5-79
37-->[com.google.android.gms:play-services-maps:18.2.0] AndroidManifest.xml:23:22-76
38
39    <uses-feature
39-->[com.google.android.gms:play-services-maps:18.2.0] AndroidManifest.xml:26:5-28:35
40        android:glEsVersion="0x00020000"
40-->[com.google.android.gms:play-services-maps:18.2.0] AndroidManifest.xml:27:9-41
41        android:required="true" />
41-->[com.google.android.gms:play-services-maps:18.2.0] AndroidManifest.xml:28:9-32
42
43    <permission
43-->[androidx.core:core:1.13.1] AndroidManifest.xml:22:5-24:47
44        android:name="com.example.native_features_and_storage.DYNAMIC_RECEIVER_NOT_EXPORTED_PERMISSION"
44-->[androidx.core:core:1.13.1] AndroidManifest.xml:23:9-81
45        android:protectionLevel="signature" />
45-->[androidx.core:core:1.13.1] AndroidManifest.xml:24:9-44
46
47    <uses-permission android:name="com.example.native_features_and_storage.DYNAMIC_RECEIVER_NOT_EXPORTED_PERMISSION" />
47-->[androidx.core:core:1.13.1] AndroidManifest.xml:26:5-97
47-->[androidx.core:core:1.13.1] AndroidManifest.xml:26:22-94
48
49    <application
50        android:name="android.app.Application"
51        android:appComponentFactory="androidx.core.app.CoreComponentFactory"
51-->[androidx.core:core:1.13.1] AndroidManifest.xml:28:18-86
52        android:debuggable="true"
53        android:icon="@mipmap/ic_launcher"
54        android:label="native_features_and_storage" >
55        <activity
56            android:name="com.example.native_features_and_storage.MainActivity"
57            android:configChanges="orientation|keyboardHidden|keyboard|screenSize|smallestScreenSize|locale|layoutDirection|fontScale|screenLayout|density|uiMode"
58            android:exported="true"
59            android:hardwareAccelerated="true"
60            android:launchMode="singleTop"
61            android:taskAffinity=""
62            android:theme="@style/LaunchTheme"
63            android:windowSoftInputMode="adjustResize" >
64
65            <!--
66                 Specifies an Android theme to apply to this Activity as soon as
67                 the Android process has started. This theme is visible to the user
68                 while the Flutter UI initializes. After that, this theme continues
69                 to determine the Window background behind the Flutter UI.
70            -->
71            <meta-data
72                android:name="io.flutter.embedding.android.NormalTheme"
73                android:resource="@style/NormalTheme" />
74
75            <intent-filter>
76                <action android:name="android.intent.action.MAIN" />
77
78                <category android:name="android.intent.category.LAUNCHER" />
79            </intent-filter>
80        </activity>
81        <!--
82             Don't delete the meta-data below.
83             This is used by the Flutter tool to generate GeneratedPluginRegistrant.java
84        -->
85        <meta-data
86            android:name="flutterEmbedding"
87            android:value="2" />
88        <meta-data
89            android:name="com.google.android.geo.API_KEY"
90            android:value="AIzaSyDM9Fw0QJmjslkldE_O8hNN1KghcRztrvs" />
91
92        <provider
92-->[:image_picker_android] AndroidManifest.xml:11:9-19:20
93            android:name="io.flutter.plugins.imagepicker.ImagePickerFileProvider"
93-->[:image_picker_android] AndroidManifest.xml:12:13-82
94            android:authorities="com.example.native_features_and_storage.flutter.image_provider"
94-->[:image_picker_android] AndroidManifest.xml:13:13-74
95            android:exported="false"
95-->[:image_picker_android] AndroidManifest.xml:14:13-37
96            android:grantUriPermissions="true" >
96-->[:image_picker_android] AndroidManifest.xml:15:13-47
97            <meta-data
97-->[:image_picker_android] AndroidManifest.xml:16:13-18:75
98                android:name="android.support.FILE_PROVIDER_PATHS"
98-->[:image_picker_android] AndroidManifest.xml:17:17-67
99                android:resource="@xml/flutter_image_picker_file_paths" />
99-->[:image_picker_android] AndroidManifest.xml:18:17-72
100        </provider> <!-- Trigger Google Play services to install the backported photo picker module. -->
101        <service
101-->[:image_picker_android] AndroidManifest.xml:21:9-33:19
102            android:name="com.google.android.gms.metadata.ModuleDependencies"
102-->[:image_picker_android] AndroidManifest.xml:22:13-78
103            android:enabled="false"
103-->[:image_picker_android] AndroidManifest.xml:23:13-36
104            android:exported="false" >
104-->[:image_picker_android] AndroidManifest.xml:24:13-37
105            <intent-filter>
105-->[:image_picker_android] AndroidManifest.xml:26:13-28:29
106                <action android:name="com.google.android.gms.metadata.MODULE_DEPENDENCIES" />
106-->[:image_picker_android] AndroidManifest.xml:27:17-94
106-->[:image_picker_android] AndroidManifest.xml:27:25-91
107            </intent-filter>
108
109            <meta-data
109-->[:image_picker_android] AndroidManifest.xml:30:13-32:36
110                android:name="photopicker_activity:0:required"
110-->[:image_picker_android] AndroidManifest.xml:31:17-63
111                android:value="" />
111-->[:image_picker_android] AndroidManifest.xml:32:17-33
112        </service>
113        <service
113-->[:location] AndroidManifest.xml:13:9-17:56
114            android:name="com.lyokone.location.FlutterLocationService"
114-->[:location] AndroidManifest.xml:14:13-71
115            android:enabled="true"
115-->[:location] AndroidManifest.xml:15:13-35
116            android:exported="false"
116-->[:location] AndroidManifest.xml:16:13-37
117            android:foregroundServiceType="location" />
117-->[:location] AndroidManifest.xml:17:13-53
118
119        <uses-library
119-->[androidx.window:window:1.0.0-beta04] AndroidManifest.xml:25:9-27:40
120            android:name="androidx.window.extensions"
120-->[androidx.window:window:1.0.0-beta04] AndroidManifest.xml:26:13-54
121            android:required="false" />
121-->[androidx.window:window:1.0.0-beta04] AndroidManifest.xml:27:13-37
122        <uses-library
122-->[androidx.window:window:1.0.0-beta04] AndroidManifest.xml:28:9-30:40
123            android:name="androidx.window.sidecar"
123-->[androidx.window:window:1.0.0-beta04] AndroidManifest.xml:29:13-51
124            android:required="false" /> <!-- Needs to be explicitly declared on P+ -->
124-->[androidx.window:window:1.0.0-beta04] AndroidManifest.xml:30:13-37
125        <uses-library
125-->[com.google.android.gms:play-services-maps:18.2.0] AndroidManifest.xml:39:9-41:40
126            android:name="org.apache.http.legacy"
126-->[com.google.android.gms:play-services-maps:18.2.0] AndroidManifest.xml:40:13-50
127            android:required="false" />
127-->[com.google.android.gms:play-services-maps:18.2.0] AndroidManifest.xml:41:13-37
128
129        <activity
129-->[com.google.android.gms:play-services-base:18.3.0] AndroidManifest.xml:20:9-22:45
130            android:name="com.google.android.gms.common.api.GoogleApiActivity"
130-->[com.google.android.gms:play-services-base:18.3.0] AndroidManifest.xml:20:19-85
131            android:exported="false"
131-->[com.google.android.gms:play-services-base:18.3.0] AndroidManifest.xml:22:19-43
132            android:theme="@android:style/Theme.Translucent.NoTitleBar" />
132-->[com.google.android.gms:play-services-base:18.3.0] AndroidManifest.xml:21:19-78
133
134        <meta-data
134-->[com.google.android.gms:play-services-basement:18.3.0] AndroidManifest.xml:21:9-23:69
135            android:name="com.google.android.gms.version"
135-->[com.google.android.gms:play-services-basement:18.3.0] AndroidManifest.xml:22:13-58
136            android:value="@integer/google_play_services_version" />
136-->[com.google.android.gms:play-services-basement:18.3.0] AndroidManifest.xml:23:13-66
137
138        <provider
138-->[androidx.profileinstaller:profileinstaller:1.3.1] AndroidManifest.xml:24:9-32:20
139            android:name="androidx.startup.InitializationProvider"
139-->[androidx.profileinstaller:profileinstaller:1.3.1] AndroidManifest.xml:25:13-67
140            android:authorities="com.example.native_features_and_storage.androidx-startup"
140-->[androidx.profileinstaller:profileinstaller:1.3.1] AndroidManifest.xml:26:13-68
141            android:exported="false" >
141-->[androidx.profileinstaller:profileinstaller:1.3.1] AndroidManifest.xml:27:13-37
142            <meta-data
142-->[androidx.profileinstaller:profileinstaller:1.3.1] AndroidManifest.xml:29:13-31:52
143                android:name="androidx.profileinstaller.ProfileInstallerInitializer"
143-->[androidx.profileinstaller:profileinstaller:1.3.1] AndroidManifest.xml:30:17-85
144                android:value="androidx.startup" />
144-->[androidx.profileinstaller:profileinstaller:1.3.1] AndroidManifest.xml:31:17-49
145        </provider>
146
147        <receiver
147-->[androidx.profileinstaller:profileinstaller:1.3.1] AndroidManifest.xml:34:9-52:20
148            android:name="androidx.profileinstaller.ProfileInstallReceiver"
148-->[androidx.profileinstaller:profileinstaller:1.3.1] AndroidManifest.xml:35:13-76
149            android:directBootAware="false"
149-->[androidx.profileinstaller:profileinstaller:1.3.1] AndroidManifest.xml:36:13-44
150            android:enabled="true"
150-->[androidx.profileinstaller:profileinstaller:1.3.1] AndroidManifest.xml:37:13-35
151            android:exported="true"
151-->[androidx.profileinstaller:profileinstaller:1.3.1] AndroidManifest.xml:38:13-36
152            android:permission="android.permission.DUMP" >
152-->[androidx.profileinstaller:profileinstaller:1.3.1] AndroidManifest.xml:39:13-57
153            <intent-filter>
153-->[androidx.profileinstaller:profileinstaller:1.3.1] AndroidManifest.xml:40:13-42:29
154                <action android:name="androidx.profileinstaller.action.INSTALL_PROFILE" />
154-->[androidx.profileinstaller:profileinstaller:1.3.1] AndroidManifest.xml:41:17-91
154-->[androidx.profileinstaller:profileinstaller:1.3.1] AndroidManifest.xml:41:25-88
155            </intent-filter>
156            <intent-filter>
156-->[androidx.profileinstaller:profileinstaller:1.3.1] AndroidManifest.xml:43:13-45:29
157                <action android:name="androidx.profileinstaller.action.SKIP_FILE" />
157-->[androidx.profileinstaller:profileinstaller:1.3.1] AndroidManifest.xml:44:17-85
157-->[androidx.profileinstaller:profileinstaller:1.3.1] AndroidManifest.xml:44:25-82
158            </intent-filter>
159            <intent-filter>
159-->[androidx.profileinstaller:profileinstaller:1.3.1] AndroidManifest.xml:46:13-48:29
160                <action android:name="androidx.profileinstaller.action.SAVE_PROFILE" />
160-->[androidx.profileinstaller:profileinstaller:1.3.1] AndroidManifest.xml:47:17-88
160-->[androidx.profileinstaller:profileinstaller:1.3.1] AndroidManifest.xml:47:25-85
161            </intent-filter>
162            <intent-filter>
162-->[androidx.profileinstaller:profileinstaller:1.3.1] AndroidManifest.xml:49:13-51:29
163                <action android:name="androidx.profileinstaller.action.BENCHMARK_OPERATION" />
163-->[androidx.profileinstaller:profileinstaller:1.3.1] AndroidManifest.xml:50:17-95
163-->[androidx.profileinstaller:profileinstaller:1.3.1] AndroidManifest.xml:50:25-92
164            </intent-filter>
165        </receiver>
166    </application>
167
168</manifest>